#
# There is insufficient memory for the Java Runtime Environment to continue.
# Native memory allocation (malloc) failed to allocate 2050416 bytes for Chunk::new
# Possible reasons:
#   The system is out of physical RAM or swap space
#   The process is running with CompressedOops enabled, and the Java Heap may be blocking the growth of the native heap
# Possible solutions:
#   Reduce memory load on the system
#   Increase physical memory or swap space
#   Check if swap backing store is full
#   Decrease Java heap size (-Xmx/-Xms)
#   Decrease number of Java threads
#   Decrease Java thread stack sizes (-Xss)
#   Set larger code cache with -XX:ReservedCodeCacheSize=
#   JVM is running with Unscaled Compressed Oops mode in which the Java heap is
#     placed in the first 4GB address space. The Java Heap base address is the
#     maximum limit for the native heap growth. Please use -XX:HeapBaseMinAddress
#     to set the Java Heap base and to place the Java Heap above 4GB virtual address.
# This output file may be truncated or incomplete.
#
#  Out of Memory Error (arena.cpp:184), pid=28360, tid=9632
#
# JRE version: Java(TM) SE Runtime Environment (18.0.1.1+2) (build 18.0.1.1+2-6)
# Java VM: Java HotSpot(TM) 64-Bit Server VM (18.0.1.1+2-6, mixed mode, sharing, tiered, compressed oops, compressed class ptrs, g1 gc, windows-amd64)
# No core dump will be written. Minidumps are not enabled by default on client versions of Windows
#

---------------  S U M M A R Y ------------

Command Line: -Dfile.encoding=UTF-8 -XX:+ShowCodeDetailsInExceptionMessages org.teksystems.sportyshoes.sporty.shoes.SportyShoesApplication

Host: AMD Ryzen 5 3500U with Radeon Vega Mobile Gfx  , 8 cores, 5G,  Windows 11 , 64 bit Build 22621 (10.0.22621.755)
Time: Tue Nov 22 00:47:18 2022 India Standard Time elapsed time: 82.566857 seconds (0d 0h 1m 22s)

---------------  T H R E A D  ---------------

Current thread (0x000001f161c6e930):  JavaThread "C2 CompilerThread1" daemon [_thread_in_native, id=9632, stack(0x0000005ca3f00000,0x0000005ca4000000)]


Current CompileTask:
C2:  82567 5340       4       org.springframework.core.annotation.TypeMappedAnnotations::get (52 bytes)

Stack: [0x0000005ca3f00000,0x0000005ca4000000]
Native frames: (J=compiled Java code, j=interpreted, Vv=VM code, C=native code)
V  [jvm.dll+0x69887a]
V  [jvm.dll+0x7f38bd]
V  [jvm.dll+0x7f51ce]
V  [jvm.dll+0x7f5883]
V  [jvm.dll+0x25ca3f]
V  [jvm.dll+0xb8c2f]
V  [jvm.dll+0xb8fa5]
V  [jvm.dll+0x385a6b]
V  [jvm.dll+0x34f811]
V  [jvm.dll+0x34ecaa]
V  [jvm.dll+0x22fc21]
V  [jvm.dll+0x22eff1]
V  [jvm.dll+0x1b9cfc]
V  [jvm.dll+0x23e8ca]
V  [jvm.dll+0x23cbb5]
V  [jvm.dll+0x7a5fb1]
V  [jvm.dll+0x7a03ea]
V  [jvm.dll+0x697725]
C  [ucrtbase.dll+0x29363]
C  [KERNEL32.DLL+0x1244d]
C  [ntdll.dll+0x5dfb8]


---------------  P R O C E S S  ---------------

Threads class SMR info:
_java_thread_list=0x000001f1620d0900, length=20, elements={
0x000001f140470330, 0x000001f15d2e1ee0, 0x000001f15d2e2b00, 0x000001f15d2fb710,
0x000001f15d2fe0c0, 0x000001f15d2fea60, 0x000001f15d2ff400, 0x000001f15d3000d0,
0x000001f15d3701e0, 0x000001f15d3707d0, 0x000001f161597370, 0x000001f1615a3660,
0x000001f16163aed0, 0x000001f16163b390, 0x000001f163cfbd50, 0x000001f163cfc220,
0x000001f163cfd560, 0x000001f163cfda30, 0x000001f163cfa070, 0x000001f161c6e930
}

Java Threads: ( => current thread )
  0x000001f140470330 JavaThread "main" [_thread_blocked, id=34296, stack(0x0000005ca1f00000,0x0000005ca2000000)]
  0x000001f15d2e1ee0 JavaThread "Reference Handler" daemon [_thread_blocked, id=16336, stack(0x0000005ca2600000,0x0000005ca2700000)]
  0x000001f15d2e2b00 JavaThread "Finalizer" daemon [_thread_blocked, id=26296, stack(0x0000005ca2700000,0x0000005ca2800000)]
  0x000001f15d2fb710 JavaThread "Signal Dispatcher" daemon [_thread_blocked, id=21608, stack(0x0000005ca2800000,0x0000005ca2900000)]
  0x000001f15d2fe0c0 JavaThread "Attach Listener" daemon [_thread_blocked, id=9012, stack(0x0000005ca2900000,0x0000005ca2a00000)]
  0x000001f15d2fea60 JavaThread "Service Thread" daemon [_thread_blocked, id=37556, stack(0x0000005ca2a00000,0x0000005ca2b00000)]
  0x000001f15d2ff400 JavaThread "Monitor Deflation Thread" daemon [_thread_blocked, id=29480, stack(0x0000005ca2b00000,0x0000005ca2c00000)]
  0x000001f15d3000d0 JavaThread "C2 CompilerThread0" daemon [_thread_in_native, id=21448, stack(0x0000005ca2c00000,0x0000005ca2d00000)]
  0x000001f15d3701e0 JavaThread "C1 CompilerThread0" daemon [_thread_blocked, id=25056, stack(0x0000005ca2d00000,0x0000005ca2e00000)]
  0x000001f15d3707d0 JavaThread "Sweeper thread" daemon [_thread_blocked, id=17464, stack(0x0000005ca2e00000,0x0000005ca2f00000)]
  0x000001f161597370 JavaThread "Notification Thread" daemon [_thread_blocked, id=9416, stack(0x0000005ca2f00000,0x0000005ca3000000)]
  0x000001f1615a3660 JavaThread "Common-Cleaner" daemon [_thread_blocked, id=7852, stack(0x0000005ca3100000,0x0000005ca3200000)]
  0x000001f16163aed0 JavaThread "Thread-0" [_thread_blocked, id=36840, stack(0x0000005ca3200000,0x0000005ca3300000)]
  0x000001f16163b390 JavaThread "restartedMain" [_thread_in_native, id=39520, stack(0x0000005ca3300000,0x0000005ca3400000)]
  0x000001f163cfbd50 JavaThread "mysql-cj-abandoned-connection-cleanup" daemon [_thread_blocked, id=21884, stack(0x0000005ca3c00000,0x0000005ca3d00000)]
  0x000001f163cfc220 JavaThread "HikariPool-1 housekeeper" daemon [_thread_blocked, id=8596, stack(0x0000005ca3e00000,0x0000005ca3f00000)]
  0x000001f163cfd560 JavaThread "Catalina-utility-1" [_thread_blocked, id=22648, stack(0x0000005ca4000000,0x0000005ca4100000)]
  0x000001f163cfda30 JavaThread "Catalina-utility-2" [_thread_blocked, id=36076, stack(0x0000005ca4100000,0x0000005ca4200000)]
  0x000001f163cfa070 JavaThread "container-0" [_thread_blocked, id=38244, stack(0x0000005ca4200000,0x0000005ca4300000)]
=>0x000001f161c6e930 JavaThread "C2 CompilerThread1" daemon [_thread_in_native, id=9632, stack(0x0000005ca3f00000,0x0000005ca4000000)]

Other Threads:
  0x000001f15d2d9640 VMThread "VM Thread" [stack: 0x0000005ca2500000,0x0000005ca2600000] [id=36008]
  0x000001f161597830 WatcherThread "VM Periodic Task Thread" [stack: 0x0000005ca3000000,0x0000005ca3100000] [id=33568]
  0x000001f1404c1fe0 WorkerThread "GC Thread#0" [stack: 0x0000005ca2000000,0x0000005ca2100000] [id=23720]
  0x000001f16151c0e0 WorkerThread "GC Thread#1" [stack: 0x0000005ca3400000,0x0000005ca3500000] [id=588]
  0x000001f16151c380 WorkerThread "GC Thread#2" [stack: 0x0000005ca3500000,0x0000005ca3600000] [id=34364]
  0x000001f161a70820 WorkerThread "GC Thread#3" [stack: 0x0000005ca3600000,0x0000005ca3700000] [id=38752]
  0x000001f161a70ac0 WorkerThread "GC Thread#4" [stack: 0x0000005ca3700000,0x0000005ca3800000] [id=12172]
  0x000001f161a70d60 WorkerThread "GC Thread#5" [stack: 0x0000005ca3800000,0x0000005ca3900000] [id=580]
  0x000001f161a71000 WorkerThread "GC Thread#6" [stack: 0x0000005ca3900000,0x0000005ca3a00000] [id=6292]
  0x000001f1624997c0 WorkerThread "GC Thread#7" [stack: 0x0000005ca3a00000,0x0000005ca3b00000] [id=8668]
  0x000001f1404cfe00 ConcurrentGCThread "G1 Main Marker" [stack: 0x0000005ca2100000,0x0000005ca2200000] [id=16468]
  0x000001f1404d0f90 WorkerThread "G1 Conc#0" [stack: 0x0000005ca2200000,0x0000005ca2300000] [id=24984]
  0x000001f162b71610 WorkerThread "G1 Conc#1" [stack: 0x0000005ca1e00000,0x0000005ca1f00000] [id=1780]
  0x000001f140518080 ConcurrentGCThread "G1 Refine#0" [stack: 0x0000005ca2300000,0x0000005ca2400000] [id=19892]
  0x000001f140518990 ConcurrentGCThread "G1 Service" [stack: 0x0000005ca2400000,0x0000005ca2500000] [id=16248]

Threads with active compile tasks:
C2 CompilerThread0    82644 5381   !   4       org.springframework.core.annotation.AnnotationsScanner::processMethodHierarchy (276 bytes)
C2 CompilerThread1    82644 5340       4       org.springframework.core.annotation.TypeMappedAnnotations::get (52 bytes)

VM state: not at safepoint (normal execution)

VM Mutex/Monitor currently owned by a thread: None

Heap address: 0x00000000a1400000, size: 1516 MB, Compressed Oops mode: 32-bit

CDS archive(s) mapped at: [0x0000000800000000-0x0000000800ba0000-0x0000000800ba0000), size 12189696, SharedBaseAddress: 0x0000000800000000, ArchiveRelocationMode: 0.
Compressed class space mapped at: 0x0000000800c00000-0x0000000840c00000, reserved size: 1073741824
Narrow klass base: 0x0000000800000000, Narrow klass shift: 0, Narrow klass range: 0x100000000

GC Precious Log:
 CardTable entry size: 512
 Card Set container configuration: InlinePtr #cards 5 size 8 Array Of Cards #cards 12 size 40 Howl #buckets 4 coarsen threshold 1843 Howl Bitmap #cards 512 size 80 coarsen threshold 460 Card regions per heap region 1 cards per card region 2048
 CPUs: 8 total, 8 available
 Memory: 6057M
 Large Page Support: Disabled
 NUMA Support: Disabled
 Compressed Oops: Enabled (32-bit)
 Heap Region Size: 1M
 Heap Min Capacity: 8M
 Heap Initial Capacity: 96M
 Heap Max Capacity: 1516M
 Pre-touch: Disabled
 Parallel Workers: 8
 Concurrent Workers: 2
 Concurrent Refinement Workers: 8
 Periodic GC: Disabled

Heap:
 garbage-first heap   total 51200K, used 32424K [0x00000000a1400000, 0x0000000100000000)
  region size 1024K, 12 young (12288K), 2 survivors (2048K)
 Metaspace       used 53439K, committed 53888K, reserved 1114112K
  class space    used 7037K, committed 7232K, reserved 1048576K

Heap Regions: E=young(eden), S=young(survivor), O=old, HS=humongous(starts), HC=humongous(continues), CS=collection set, F=free, OA=open archive, CA=closed archive, TAMS=top-at-mark-start (previous, next)
|   0|0x00000000a1400000, 0x00000000a1500000, 0x00000000a1500000|100%|HS|  |TAMS 0x00000000a1500000, 0x00000000a1400000| Complete 
|   1|0x00000000a1500000, 0x00000000a1600000, 0x00000000a1600000|100%| O|  |TAMS 0x00000000a1600000, 0x00000000a1500000| Untracked 
|   2|0x00000000a1600000, 0x00000000a1700000, 0x00000000a1700000|100%| O|  |TAMS 0x00000000a1700000, 0x00000000a1600000| Untracked 
|   3|0x00000000a1700000, 0x00000000a1800000, 0x00000000a1800000|100%| O|  |TAMS 0x00000000a1800000, 0x00000000a1700000| Untracked 
|   4|0x00000000a1800000, 0x00000000a1900000, 0x00000000a1900000|100%| O|  |TAMS 0x00000000a1900000, 0x00000000a1800000| Untracked 
|   5|0x00000000a1900000, 0x00000000a1a00000, 0x00000000a1a00000|100%| O|  |TAMS 0x00000000a1a00000, 0x00000000a1900000| Untracked 
|   6|0x00000000a1a00000, 0x00000000a1b00000, 0x00000000a1b00000|100%| O|  |TAMS 0x00000000a1b00000, 0x00000000a1a00000| Untracked 
|   7|0x00000000a1b00000, 0x00000000a1c00000, 0x00000000a1c00000|100%| O|  |TAMS 0x00000000a1c00000, 0x00000000a1b00000| Untracked 
|   8|0x00000000a1c00000, 0x00000000a1d00000, 0x00000000a1d00000|100%| O|  |TAMS 0x00000000a1d00000, 0x00000000a1c00000| Untracked 
|   9|0x00000000a1d00000, 0x00000000a1e00000, 0x00000000a1e00000|100%| O|  |TAMS 0x00000000a1d00000, 0x00000000a1d00000| Untracked 
|  10|0x00000000a1e00000, 0x00000000a1f00000, 0x00000000a1f00000|100%| O|  |TAMS 0x00000000a1f00000, 0x00000000a1e00000| Untracked 
|  11|0x00000000a1f00000, 0x00000000a2000000, 0x00000000a2000000|100%| O|  |TAMS 0x00000000a2000000, 0x00000000a1f00000| Untracked 
|  12|0x00000000a2000000, 0x00000000a2100000, 0x00000000a2100000|100%| O|  |TAMS 0x00000000a2100000, 0x00000000a2000000| Untracked 
|  13|0x00000000a2100000, 0x00000000a2200000, 0x00000000a2200000|100%| O|  |TAMS 0x00000000a2200000, 0x00000000a2100000| Untracked 
|  14|0x00000000a2200000, 0x00000000a2300000, 0x00000000a2300000|100%| O|  |TAMS 0x00000000a2300000, 0x00000000a2200000| Untracked 
|  15|0x00000000a2300000, 0x00000000a2400000, 0x00000000a2400000|100%| O|  |TAMS 0x00000000a2400000, 0x00000000a2300000| Untracked 
|  16|0x00000000a2400000, 0x00000000a2500000, 0x00000000a2500000|100%| O|  |TAMS 0x00000000a2400000, 0x00000000a2400000| Untracked 
|  17|0x00000000a2500000, 0x00000000a2600000, 0x00000000a2600000|100%| O|  |TAMS 0x00000000a2500000, 0x00000000a2500000| Untracked 
|  18|0x00000000a2600000, 0x00000000a2700000, 0x00000000a2700000|100%| O|  |TAMS 0x00000000a2600000, 0x00000000a2600000| Untracked 
|  19|0x00000000a2700000, 0x00000000a27d7200, 0x00000000a2800000| 84%| O|  |TAMS 0x00000000a2700000, 0x00000000a2700000| Untracked 
|  20|0x00000000a2800000, 0x00000000a2900000, 0x00000000a2900000|100%| O|  |TAMS 0x00000000a28b4000, 0x00000000a2800000| Untracked 
|  21|0x00000000a2900000, 0x00000000a2900000, 0x00000000a2a00000|  0%| F|  |TAMS 0x00000000a2900000, 0x00000000a2900000| Untracked 
|  22|0x00000000a2a00000, 0x00000000a2a00000, 0x00000000a2b00000|  0%| F|  |TAMS 0x00000000a2a00000, 0x00000000a2a00000| Untracked 
|  23|0x00000000a2b00000, 0x00000000a2b00000, 0x00000000a2c00000|  0%| F|  |TAMS 0x00000000a2b00000, 0x00000000a2b00000| Untracked 
|  24|0x00000000a2c00000, 0x00000000a2c00000, 0x00000000a2d00000|  0%| F|  |TAMS 0x00000000a2c00000, 0x00000000a2c00000| Untracked 
|  25|0x00000000a2d00000, 0x00000000a2d00000, 0x00000000a2e00000|  0%| F|  |TAMS 0x00000000a2d00000, 0x00000000a2d00000| Untracked 
|  26|0x00000000a2e00000, 0x00000000a2e00000, 0x00000000a2f00000|  0%| F|  |TAMS 0x00000000a2e00000, 0x00000000a2e00000| Untracked 
|  27|0x00000000a2f00000, 0x00000000a2f00000, 0x00000000a3000000|  0%| F|  |TAMS 0x00000000a2f00000, 0x00000000a2f00000| Untracked 
|  28|0x00000000a3000000, 0x00000000a3000000, 0x00000000a3100000|  0%| F|  |TAMS 0x00000000a3000000, 0x00000000a3000000| Untracked 
|  29|0x00000000a3100000, 0x00000000a3100000, 0x00000000a3200000|  0%| F|  |TAMS 0x00000000a3100000, 0x00000000a3100000| Untracked 
|  30|0x00000000a3200000, 0x00000000a3200000, 0x00000000a3300000|  0%| F|  |TAMS 0x00000000a3200000, 0x00000000a3200000| Untracked 
|  31|0x00000000a3300000, 0x00000000a33d2ea8, 0x00000000a3400000| 82%| S|CS|TAMS 0x00000000a3300000, 0x00000000a3300000| Complete 
|  32|0x00000000a3400000, 0x00000000a3500000, 0x00000000a3500000|100%| S|CS|TAMS 0x00000000a3400000, 0x00000000a3400000| Complete 
|  33|0x00000000a3500000, 0x00000000a3500000, 0x00000000a3600000|  0%| F|  |TAMS 0x00000000a3500000, 0x00000000a3500000| Untracked 
|  34|0x00000000a3600000, 0x00000000a3600000, 0x00000000a3700000|  0%| F|  |TAMS 0x00000000a3600000, 0x00000000a3600000| Untracked 
|  35|0x00000000a3700000, 0x00000000a3700000, 0x00000000a3800000|  0%| F|  |TAMS 0x00000000a3700000, 0x00000000a3700000| Untracked 
|  36|0x00000000a3800000, 0x00000000a3800000, 0x00000000a3900000|  0%| F|  |TAMS 0x00000000a3800000, 0x00000000a3800000| Untracked 
|  37|0x00000000a3900000, 0x00000000a3900000, 0x00000000a3a00000|  0%| F|  |TAMS 0x00000000a3900000, 0x00000000a3900000| Untracked 
|  38|0x00000000a3a00000, 0x00000000a3a00000, 0x00000000a3b00000|  0%| F|  |TAMS 0x00000000a3a00000, 0x00000000a3a00000| Untracked 
|  39|0x00000000a3b00000, 0x00000000a3b00000, 0x00000000a3c00000|  0%| F|  |TAMS 0x00000000a3b00000, 0x00000000a3b00000| Untracked 
|  40|0x00000000a3c00000, 0x00000000a3c601c0, 0x00000000a3d00000| 37%| E|  |TAMS 0x00000000a3c00000, 0x00000000a3c00000| Complete 
|  41|0x00000000a3d00000, 0x00000000a3e00000, 0x00000000a3e00000|100%| E|CS|TAMS 0x00000000a3d00000, 0x00000000a3d00000| Complete 
|  42|0x00000000a3e00000, 0x00000000a3f00000, 0x00000000a3f00000|100%| E|CS|TAMS 0x00000000a3e00000, 0x00000000a3e00000| Complete 
|  43|0x00000000a3f00000, 0x00000000a4000000, 0x00000000a4000000|100%| E|CS|TAMS 0x00000000a3f00000, 0x00000000a3f00000| Complete 
|  44|0x00000000a4000000, 0x00000000a4100000, 0x00000000a4100000|100%| E|CS|TAMS 0x00000000a4000000, 0x00000000a4000000| Complete 
|  83|0x00000000a6700000, 0x00000000a6800000, 0x00000000a6800000|100%| E|CS|TAMS 0x00000000a6700000, 0x00000000a6700000| Complete 
|  84|0x00000000a6800000, 0x00000000a6900000, 0x00000000a6900000|100%| E|CS|TAMS 0x00000000a6800000, 0x00000000a6800000| Complete 
|  85|0x00000000a6900000, 0x00000000a6a00000, 0x00000000a6a00000|100%| E|CS|TAMS 0x00000000a6900000, 0x00000000a6900000| Complete 
|  86|0x00000000a6a00000, 0x00000000a6b00000, 0x00000000a6b00000|100%| E|CS|TAMS 0x00000000a6a00000, 0x00000000a6a00000| Complete 
|  95|0x00000000a7300000, 0x00000000a7400000, 0x00000000a7400000|100%| E|CS|TAMS 0x00000000a7300000, 0x00000000a7300000| Complete 

Card table byte_map: [0x000001f1573c0000,0x000001f1576c0000] _byte_map_base: 0x000001f156eb6000

Marking Bits (Prev, Next): (CMBitMap*) 0x000001f1404c35f0, (CMBitMap*) 0x000001f1404c3630
 Prev Bits: [0x000001f1579c0000, 0x000001f159170000)
 Next Bits: [0x000001f159170000, 0x000001f15a920000)

Polling page: 0x000001f13e380000

Metaspace:

Usage:
  Non-class:     45.31 MB used.
      Class:      6.87 MB used.
       Both:     52.19 MB used.

Virtual space:
  Non-class space:       64.00 MB reserved,      45.56 MB ( 71%) committed,  1 nodes.
      Class space:        1.00 GB reserved,       7.06 MB ( <1%) committed,  1 nodes.
             Both:        1.06 GB reserved,      52.62 MB (  5%) committed. 

Chunk freelists:
   Non-Class:  1.86 MB
       Class:  816.00 KB
        Both:  2.66 MB

MaxMetaspaceSize: unlimited
CompressedClassSpaceSize: 1.00 GB
Initial GC threshold: 21.00 MB
Current GC threshold: 58.69 MB
CDS: on
MetaspaceReclaimPolicy: balanced
 - commit_granule_bytes: 65536.
 - commit_granule_words: 8192.
 - virtual_space_node_default_size: 8388608.
 - enlarge_chunks_in_place: 1.
 - new_chunks_are_fully_committed: 0.
 - uncommit_free_chunks: 1.
 - use_allocation_guard: 0.


Internal statistics:

num_allocs_failed_limit: 6.
num_arena_births: 468.
num_arena_deaths: 0.
num_vsnodes_births: 2.
num_vsnodes_deaths: 0.
num_space_committed: 842.
num_space_uncommitted: 0.
num_chunks_returned_to_freelist: 6.
num_chunks_taken_from_freelist: 2179.
num_chunk_merges: 3.
num_chunk_splits: 1593.
num_chunks_enlarged: 1316.
num_inconsistent_stats: 0.

CodeHeap 'non-profiled nmethods': size=120000Kb used=2283Kb max_used=2725Kb free=117716Kb
 bounds [0x000001f14f860000, 0x000001f14fb10000, 0x000001f156d90000]
CodeHeap 'profiled nmethods': size=120000Kb used=9599Kb max_used=11940Kb free=110400Kb
 bounds [0x000001f148330000, 0x000001f148ee0000, 0x000001f14f860000]
CodeHeap 'non-nmethods': size=5760Kb used=1314Kb max_used=1351Kb free=4445Kb
 bounds [0x000001f147d90000, 0x000001f148000000, 0x000001f148330000]
 total_blobs=5150 nmethods=4527 adapters=535
 compilation: enabled
              stopped_count=0, restarted_count=0
 full_count=0

Compilation events (20 events):
Event: 82.360 Thread 0x000001f15d3000d0 nmethod 5379 0x000001f14f867110 code [0x000001f14f867300, 0x000001f14f867630]
Event: 82.360 Thread 0x000001f15d3000d0 5380       4       org.springframework.core.annotation.TypeMappedAnnotations::from (24 bytes)
Event: 82.377 Thread 0x000001f15d3701e0 5384       3       sun.reflect.generics.parser.SignatureParser::parseZeroOrMoreFormalTypeParameters (19 bytes)
Event: 82.378 Thread 0x000001f15d3701e0 nmethod 5384 0x000001f148369290 code [0x000001f148369440, 0x000001f1483696b8]
Event: 82.383 Thread 0x000001f15d3701e0 5387       2       sun.reflect.generics.reflectiveObjects.TypeVariableImpl::hashCode (18 bytes)
Event: 82.383 Thread 0x000001f15d3701e0 nmethod 5387 0x000001f148416d10 code [0x000001f148416ec0, 0x000001f148417038]
Event: 82.384 Thread 0x000001f15d3701e0 5388       3       org.springframework.core.ResolvableType::forType (115 bytes)
Event: 82.385 Thread 0x000001f15d3701e0 nmethod 5388 0x000001f1484f3b90 code [0x000001f1484f3dc0, 0x000001f1484f4668]
Event: 82.385 Thread 0x000001f15d3701e0 5389       3       java.lang.invoke.LambdaFormEditor::filterArgumentForm (121 bytes)
Event: 82.385 Thread 0x000001f15d3701e0 nmethod 5389 0x000001f14843b610 code [0x000001f14843b820, 0x000001f14843bbf8]
Event: 82.407 Thread 0x000001f15d3000d0 nmethod 5380 0x000001f14f955c90 code [0x000001f14f955f00, 0x000001f14f956f40]
Event: 82.407 Thread 0x000001f15d3000d0 5381   !   4       org.springframework.core.annotation.AnnotationsScanner::processMethodHierarchy (276 bytes)
Event: 82.420 Thread 0x000001f15d3701e0 5390       3       java.lang.invoke.MethodHandles::constant (88 bytes)
Event: 82.422 Thread 0x000001f15d3701e0 nmethod 5390 0x000001f148371110 code [0x000001f148371400, 0x000001f148372378]
Event: 82.445 Thread 0x000001f15d3701e0 5391       3       java.lang.invoke.DelegatingMethodHandle::rebind (8 bytes)
Event: 82.445 Thread 0x000001f15d3701e0 nmethod 5391 0x000001f148373b10 code [0x000001f148373cc0, 0x000001f148373f58]
Event: 82.445 Thread 0x000001f15d3701e0 5392       3       java.lang.invoke.SimpleMethodHandle::speciesData (4 bytes)
Event: 82.445 Thread 0x000001f15d3701e0 nmethod 5392 0x000001f148374410 code [0x000001f1483745a0, 0x000001f1483746b8]
Event: 82.446 Thread 0x000001f15d3701e0 5393       3       java.lang.invoke.SimpleMethodHandle::copyWithExtendL (7 bytes)
Event: 82.446 Thread 0x000001f15d3701e0 nmethod 5393 0x000001f148335210 code [0x000001f1483353c0, 0x000001f148335568]

GC Heap History (20 events):
Event: 64.675 GC heap before
{Heap before GC invocations=2 (full 0):
 garbage-first heap   total 98304K, used 59814K [0x00000000a1400000, 0x0000000100000000)
  region size 1024K, 52 young (53248K), 2 survivors (2048K)
 Metaspace       used 19845K, committed 20096K, reserved 1114112K
  class space    used 2389K, committed 2496K, reserved 1048576K
}
Event: 64.683 GC heap after
{Heap after GC invocations=3 (full 0):
 garbage-first heap   total 98304K, used 12733K [0x00000000a1400000, 0x0000000100000000)
  region size 1024K, 5 young (5120K), 5 survivors (5120K)
 Metaspace       used 19845K, committed 20096K, reserved 1114112K
  class space    used 2389K, committed 2496K, reserved 1048576K
}
Event: 65.521 GC heap before
{Heap before GC invocations=3 (full 0):
 garbage-first heap   total 98304K, used 20925K [0x00000000a1400000, 0x0000000100000000)
  region size 1024K, 14 young (14336K), 5 survivors (5120K)
 Metaspace       used 21256K, committed 21504K, reserved 1114112K
  class space    used 2636K, committed 2752K, reserved 1048576K
}
Event: 65.528 GC heap after
{Heap after GC invocations=4 (full 0):
 garbage-first heap   total 98304K, used 13479K [0x00000000a1400000, 0x0000000100000000)
  region size 1024K, 4 young (4096K), 4 survivors (4096K)
 Metaspace       used 21256K, committed 21504K, reserved 1114112K
  class space    used 2636K, committed 2752K, reserved 1048576K
}
Event: 67.892 GC heap before
{Heap before GC invocations=5 (full 0):
 garbage-first heap   total 51200K, used 40103K [0x00000000a1400000, 0x0000000100000000)
  region size 1024K, 30 young (30720K), 4 survivors (4096K)
 Metaspace       used 27641K, committed 27904K, reserved 1114112K
  class space    used 3525K, committed 3648K, reserved 1048576K
}
Event: 67.900 GC heap after
{Heap after GC invocations=6 (full 0):
 garbage-first heap   total 51200K, used 16347K [0x00000000a1400000, 0x0000000100000000)
  region size 1024K, 4 young (4096K), 4 survivors (4096K)
 Metaspace       used 27641K, committed 27904K, reserved 1114112K
  class space    used 3525K, committed 3648K, reserved 1048576K
}
Event: 67.945 GC heap before
{Heap before GC invocations=6 (full 0):
 garbage-first heap   total 51200K, used 17371K [0x00000000a1400000, 0x0000000100000000)
  region size 1024K, 5 young (5120K), 4 survivors (4096K)
 Metaspace       used 27888K, committed 28160K, reserved 1114112K
  class space    used 3541K, committed 3648K, reserved 1048576K
}
Event: 67.950 GC heap after
{Heap after GC invocations=7 (full 0):
 garbage-first heap   total 51200K, used 16785K [0x00000000a1400000, 0x0000000100000000)
  region size 1024K, 1 young (1024K), 1 survivors (1024K)
 Metaspace       used 27888K, committed 28160K, reserved 1114112K
  class space    used 3541K, committed 3648K, reserved 1048576K
}
Event: 74.210 GC heap before
{Heap before GC invocations=7 (full 0):
 garbage-first heap   total 51200K, used 35217K [0x00000000a1400000, 0x0000000100000000)
  region size 1024K, 20 young (20480K), 1 survivors (1024K)
 Metaspace       used 30390K, committed 30784K, reserved 1114112K
  class space    used 3817K, committed 4032K, reserved 1048576K
}
Event: 74.215 GC heap after
{Heap after GC invocations=8 (full 0):
 garbage-first heap   total 51200K, used 17887K [0x00000000a1400000, 0x0000000100000000)
  region size 1024K, 2 young (2048K), 2 survivors (2048K)
 Metaspace       used 30390K, committed 30784K, reserved 1114112K
  class space    used 3817K, committed 4032K, reserved 1048576K
}
Event: 75.109 GC heap before
{Heap before GC invocations=8 (full 0):
 garbage-first heap   total 51200K, used 25055K [0x00000000a1400000, 0x0000000100000000)
  region size 1024K, 11 young (11264K), 2 survivors (2048K)
 Metaspace       used 35666K, committed 35968K, reserved 1114112K
  class space    used 4400K, committed 4544K, reserved 1048576K
}
Event: 75.113 GC heap after
{Heap after GC invocations=9 (full 0):
 garbage-first heap   total 51200K, used 19385K [0x00000000a1400000, 0x0000000100000000)
  region size 1024K, 2 young (2048K), 2 survivors (2048K)
 Metaspace       used 35666K, committed 35968K, reserved 1114112K
  class space    used 4400K, committed 4544K, reserved 1048576K
}
Event: 76.223 GC heap before
{Heap before GC invocations=10 (full 0):
 garbage-first heap   total 51200K, used 36793K [0x00000000a1400000, 0x0000000100000000)
  region size 1024K, 19 young (19456K), 2 survivors (2048K)
 Metaspace       used 38300K, committed 38720K, reserved 1114112K
  class space    used 4723K, committed 4928K, reserved 1048576K
}
Event: 76.227 GC heap after
{Heap after GC invocations=11 (full 0):
 garbage-first heap   total 51200K, used 20448K [0x00000000a1400000, 0x0000000100000000)
  region size 1024K, 3 young (3072K), 3 survivors (3072K)
 Metaspace       used 38300K, committed 38720K, reserved 1114112K
  class space    used 4723K, committed 4928K, reserved 1048576K
}
Event: 77.970 GC heap before
{Heap before GC invocations=11 (full 0):
 garbage-first heap   total 51200K, used 36832K [0x00000000a1400000, 0x0000000100000000)
  region size 1024K, 20 young (20480K), 3 survivors (3072K)
 Metaspace       used 42491K, committed 42944K, reserved 1114112K
  class space    used 5375K, committed 5568K, reserved 1048576K
}
Event: 77.974 GC heap after
{Heap after GC invocations=12 (full 0):
 garbage-first heap   total 51200K, used 21409K [0x00000000a1400000, 0x0000000100000000)
  region size 1024K, 3 young (3072K), 3 survivors (3072K)
 Metaspace       used 42491K, committed 42944K, reserved 1114112K
  class space    used 5375K, committed 5568K, reserved 1048576K
}
Event: 79.624 GC heap before
{Heap before GC invocations=12 (full 0):
 garbage-first heap   total 51200K, used 38817K [0x00000000a1400000, 0x0000000100000000)
  region size 1024K, 20 young (20480K), 3 survivors (3072K)
 Metaspace       used 47314K, committed 47744K, reserved 1114112K
  class space    used 6145K, committed 6336K, reserved 1048576K
}
Event: 79.628 GC heap after
{Heap after GC invocations=13 (full 0):
 garbage-first heap   total 51200K, used 22473K [0x00000000a1400000, 0x0000000100000000)
  region size 1024K, 3 young (3072K), 3 survivors (3072K)
 Metaspace       used 47314K, committed 47744K, reserved 1114112K
  class space    used 6145K, committed 6336K, reserved 1048576K
}
Event: 81.010 GC heap before
{Heap before GC invocations=13 (full 0):
 garbage-first heap   total 51200K, used 38857K [0x00000000a1400000, 0x0000000100000000)
  region size 1024K, 20 young (20480K), 3 survivors (3072K)
 Metaspace       used 51467K, committed 51840K, reserved 1114112K
  class space    used 6827K, committed 6976K, reserved 1048576K
}
Event: 81.013 GC heap after
{Heap after GC invocations=14 (full 0):
 garbage-first heap   total 51200K, used 23208K [0x00000000a1400000, 0x0000000100000000)
  region size 1024K, 2 young (2048K), 2 survivors (2048K)
 Metaspace       used 51467K, committed 51840K, reserved 1114112K
  class space    used 6827K, committed 6976K, reserved 1048576K
}

Deoptimization events (20 events):
Event: 82.144 Thread 0x000001f16163b390 Uncommon trap: trap_request=0xffffffde fr.pc=0x000001f14f9a833c relative=0x000000000000021c
Event: 82.144 Thread 0x000001f16163b390 Uncommon trap: reason=class_check action=maybe_recompile pc=0x000001f14f9a833c method=sun.reflect.generics.reflectiveObjects.TypeVariableImpl.hashCode()I @ 4 c2
Event: 82.144 Thread 0x000001f16163b390 DEOPT PACKING pc=0x000001f14f9a833c sp=0x0000005ca33fc360
Event: 82.144 Thread 0x000001f16163b390 DEOPT UNPACKING pc=0x000001f147de23a3 sp=0x0000005ca33fc2f8 mode 2
Event: 82.144 Thread 0x000001f16163b390 Uncommon trap: trap_request=0xffffffde fr.pc=0x000001f14f9a833c relative=0x000000000000021c
Event: 82.144 Thread 0x000001f16163b390 Uncommon trap: reason=class_check action=maybe_recompile pc=0x000001f14f9a833c method=sun.reflect.generics.reflectiveObjects.TypeVariableImpl.hashCode()I @ 4 c2
Event: 82.144 Thread 0x000001f16163b390 DEOPT PACKING pc=0x000001f14f9a833c sp=0x0000005ca33fc470
Event: 82.144 Thread 0x000001f16163b390 DEOPT UNPACKING pc=0x000001f147de23a3 sp=0x0000005ca33fc408 mode 2
Event: 82.151 Thread 0x000001f16163b390 Uncommon trap: trap_request=0xffffff45 fr.pc=0x000001f14f9ffb8c relative=0x0000000000000c6c
Event: 82.151 Thread 0x000001f16163b390 Uncommon trap: reason=unstable_if action=reinterpret pc=0x000001f14f9ffb8c method=java.util.concurrent.ConcurrentHashMap.putVal(Ljava/lang/Object;Ljava/lang/Object;Z)Ljava/lang/Object; @ 401 c2
Event: 82.151 Thread 0x000001f16163b390 DEOPT PACKING pc=0x000001f14f9ffb8c sp=0x0000005ca33fc730
Event: 82.151 Thread 0x000001f16163b390 DEOPT UNPACKING pc=0x000001f147de23a3 sp=0x0000005ca33fc6b0 mode 2
Event: 82.155 Thread 0x000001f16163b390 Uncommon trap: trap_request=0xffffff45 fr.pc=0x000001f14fa43fdc relative=0x000000000000023c
Event: 82.155 Thread 0x000001f16163b390 Uncommon trap: reason=unstable_if action=reinterpret pc=0x000001f14fa43fdc method=java.util.concurrent.ConcurrentHashMap.get(Ljava/lang/Object;)Ljava/lang/Object; @ 86 c2
Event: 82.155 Thread 0x000001f16163b390 DEOPT PACKING pc=0x000001f14fa43fdc sp=0x0000005ca33fc7c0
Event: 82.155 Thread 0x000001f16163b390 DEOPT UNPACKING pc=0x000001f147de23a3 sp=0x0000005ca33fc728 mode 2
Event: 82.382 Thread 0x000001f16163b390 Uncommon trap: trap_request=0xffffff45 fr.pc=0x000001f14f9b1328 relative=0x00000000000026c8
Event: 82.382 Thread 0x000001f16163b390 Uncommon trap: reason=unstable_if action=reinterpret pc=0x000001f14f9b1328 method=org.springframework.util.ConcurrentReferenceHashMap$Segment.findInChain(Lorg/springframework/util/ConcurrentReferenceHashMap$Reference;Ljava/lang/Object;I)Lorg/springframewo
Event: 82.382 Thread 0x000001f16163b390 DEOPT PACKING pc=0x000001f14f9b1328 sp=0x0000005ca33fb930
Event: 82.382 Thread 0x000001f16163b390 DEOPT UNPACKING pc=0x000001f147de23a3 sp=0x0000005ca33fb690 mode 2

Classes loaded (20 events):
Event: 81.054 Loading class java/util/TimerTask
Event: 81.055 Loading class java/util/TimerTask done
Event: 81.848 Loading class javax/naming/Reference
Event: 81.849 Loading class javax/naming/Reference done
Event: 81.873 Loading class java/util/ArrayList$ListItr
Event: 81.873 Loading class java/util/ArrayList$ListItr done
Event: 81.918 Loading class java/lang/ObjectCustomizer
Event: 81.918 Loading class java/lang/ObjectCustomizer done
Event: 81.918 Loading class java/lang/ObjectCustomizer
Event: 81.918 Loading class java/lang/ObjectCustomizer done
Event: 82.007 Loading class java/lang/ObjectCustomizer
Event: 82.007 Loading class java/lang/ObjectCustomizer done
Event: 82.007 Loading class java/lang/ObjectCustomizer
Event: 82.007 Loading class java/lang/ObjectCustomizer done
Event: 82.047 Loading class java/lang/SafeVarargs
Event: 82.048 Loading class java/lang/SafeVarargs done
Event: 82.151 Loading class java/util/concurrent/ConcurrentHashMap$TreeNode
Event: 82.152 Loading class java/util/concurrent/ConcurrentHashMap$TreeNode done
Event: 82.152 Loading class java/util/concurrent/ConcurrentHashMap$TreeBin
Event: 82.153 Loading class java/util/concurrent/ConcurrentHashMap$TreeBin done

Classes unloaded (0 events):
No events

Classes redefined (0 events):
No events

Internal exceptions (20 events):
Event: 81.920 Thread 0x000001f16163b390 Exception <a 'java/lang/ClassNotFoundException'{0x00000000a69c6020}: org/springframework/data/repository/core/support/RepositoryFactoryBeanSupportCustomizer> (0x00000000a69c6020) 
thrown [s\open\src\hotspot\share\classfile\systemDictionary.cpp, line 255]
Event: 81.941 Thread 0x000001f16163b390 Exception <a 'java/lang/ClassNotFoundException'{0x00000000a69ecb48}: org/springframework/data/repository/core/support/TransactionalRepositoryFactoryBeanSupportCustomizer> (0x00000000a69ecb48) 
thrown [s\open\src\hotspot\share\classfile\systemDictionary.cpp, line 255]
Event: 81.943 Thread 0x000001f16163b390 Exception <a 'java/lang/ClassNotFoundException'{0x00000000a69fb508}: org/springframework/data/jpa/repository/support/JpaRepositoryFactoryBeanCustomizer> (0x00000000a69fb508) 
thrown [s\open\src\hotspot\share\classfile\systemDictionary.cpp, line 255]
Event: 81.955 Thread 0x000001f16163b390 Exception <a 'java/lang/ClassNotFoundException'{0x00000000a682ac08}: org/springframework/beans/factory/BeanFactoryAwareCustomizer> (0x00000000a682ac08) 
thrown [s\open\src\hotspot\share\classfile\systemDictionary.cpp, line 255]
Event: 81.957 Thread 0x000001f16163b390 Exception <a 'java/lang/ClassNotFoundException'{0x00000000a68302d8}: org/springframework/beans/factory/AwareCustomizer> (0x00000000a68302d8) 
thrown [s\open\src\hotspot\share\classfile\systemDictionary.cpp, line 255]
Event: 81.958 Thread 0x000001f16163b390 Exception <a 'java/lang/ClassNotFoundException'{0x00000000a6834720}: org/springframework/beans/factory/InitializingBeanCustomizer> (0x00000000a6834720) 
thrown [s\open\src\hotspot\share\classfile\systemDictionary.cpp, line 255]
Event: 81.960 Thread 0x000001f16163b390 Exception <a 'java/lang/ClassNotFoundException'{0x00000000a6839de8}: org/springframework/data/repository/core/support/RepositoryFactoryInformationCustomizer> (0x00000000a6839de8) 
thrown [s\open\src\hotspot\share\classfile\systemDictionary.cpp, line 255]
Event: 81.962 Thread 0x000001f16163b390 Exception <a 'java/lang/ClassNotFoundException'{0x00000000a6844860}: org/springframework/beans/factory/FactoryBeanCustomizer> (0x00000000a6844860) 
thrown [s\open\src\hotspot\share\classfile\systemDictionary.cpp, line 255]
Event: 81.968 Thread 0x000001f16163b390 Exception <a 'java/lang/ClassNotFoundException'{0x00000000a684cfa8}: org/springframework/beans/factory/BeanClassLoaderAwareCustomizer> (0x00000000a684cfa8) 
thrown [s\open\src\hotspot\share\classfile\systemDictionary.cpp, line 255]
Event: 81.969 Thread 0x000001f16163b390 Exception <a 'java/lang/ClassNotFoundException'{0x00000000a6851fe8}: org/springframework/beans/factory/AwareCustomizer> (0x00000000a6851fe8) 
thrown [s\open\src\hotspot\share\classfile\systemDictionary.cpp, line 255]
Event: 81.970 Thread 0x000001f16163b390 Exception <a 'java/lang/ClassNotFoundException'{0x00000000a6857df8}: org/springframework/beans/factory/BeanFactoryAwareCustomizer> (0x00000000a6857df8) 
thrown [s\open\src\hotspot\share\classfile\systemDictionary.cpp, line 255]
Event: 81.971 Thread 0x000001f16163b390 Exception <a 'java/lang/ClassNotFoundException'{0x00000000a685d4c8}: org/springframework/beans/factory/AwareCustomizer> (0x00000000a685d4c8) 
thrown [s\open\src\hotspot\share\classfile\systemDictionary.cpp, line 255]
Event: 81.972 Thread 0x000001f16163b390 Exception <a 'java/lang/ClassNotFoundException'{0x00000000a6861a88}: org/springframework/context/ApplicationEventPublisherAwareCustomizer> (0x00000000a6861a88) 
thrown [s\open\src\hotspot\share\classfile\systemDictionary.cpp, line 255]
Event: 81.973 Thread 0x000001f16163b390 Exception <a 'java/lang/ClassNotFoundException'{0x00000000a6867250}: org/springframework/beans/factory/AwareCustomizer> (0x00000000a6867250) 
thrown [s\open\src\hotspot\share\classfile\systemDictionary.cpp, line 255]
Event: 82.007 Thread 0x000001f16163b390 Exception <a 'java/lang/ClassNotFoundException'{0x00000000a6896888}: java/lang/ObjectCustomizer> (0x00000000a6896888) 
thrown [s\open\src\hotspot\share\classfile\systemDictionary.cpp, line 255]
Event: 82.010 Thread 0x000001f16163b390 Exception <a 'java/lang/ClassNotFoundException'{0x00000000a689e260}: org/springframework/core/io/support/PropertiesLoaderSupportCustomizer> (0x00000000a689e260) 
thrown [s\open\src\hotspot\share\classfile\systemDictionary.cpp, line 255]
Event: 82.016 Thread 0x000001f16163b390 Exception <a 'java/lang/ClassNotFoundException'{0x00000000a68ab710}: org/springframework/beans/factory/config/PropertiesFactoryBeanCustomizer> (0x00000000a68ab710) 
thrown [s\open\src\hotspot\share\classfile\systemDictionary.cpp, line 255]
Event: 82.024 Thread 0x000001f16163b390 Exception <a 'java/lang/ClassNotFoundException'{0x00000000a68c0198}: org/springframework/beans/factory/FactoryBeanCustomizer> (0x00000000a68c0198) 
thrown [s\open\src\hotspot\share\classfile\systemDictionary.cpp, line 255]
Event: 82.025 Thread 0x000001f16163b390 Exception <a 'java/lang/ClassNotFoundException'{0x00000000a68c6f48}: org/springframework/beans/factory/InitializingBeanCustomizer> (0x00000000a68c6f48) 
thrown [s\open\src\hotspot\share\classfile\systemDictionary.cpp, line 255]
Event: 82.414 Thread 0x000001f16163b390 Exception <a 'java/lang/IncompatibleClassChangeError'{0x00000000a3d2e8e0}: Found class java.lang.Object, but interface was expected> (0x00000000a3d2e8e0) 
thrown [s\open\src\hotspot\share\interpreter\linkResolver.cpp, line 833]

VM Operations (20 events):
Event: 77.246 Executing VM operation: Cleanup
Event: 77.247 Executing VM operation: Cleanup done
Event: 77.970 Executing VM operation: G1CollectForAllocation
Event: 77.975 Executing VM operation: G1CollectForAllocation done
Event: 78.983 Executing VM operation: Cleanup
Event: 78.984 Executing VM operation: Cleanup done
Event: 79.624 Executing VM operation: G1CollectForAllocation
Event: 79.628 Executing VM operation: G1CollectForAllocation done
Event: 80.639 Executing VM operation: Cleanup
Event: 80.640 Executing VM operation: Cleanup done
Event: 81.010 Executing VM operation: G1CollectForAllocation
Event: 81.013 Executing VM operation: G1CollectForAllocation done
Event: 81.875 Executing VM operation: HandshakeAllThreads
Event: 81.875 Executing VM operation: HandshakeAllThreads done
Event: 81.891 Executing VM operation: HandshakeAllThreads
Event: 81.892 Executing VM operation: HandshakeAllThreads done
Event: 81.985 Executing VM operation: HandshakeAllThreads
Event: 81.986 Executing VM operation: HandshakeAllThreads done
Event: 82.012 Executing VM operation: HandshakeAllThreads
Event: 82.012 Executing VM operation: HandshakeAllThreads done

Events (20 events):
Event: 82.023 Thread 0x000001f15d3707d0 flushing nmethod 0x000001f148cc8510
Event: 82.023 Thread 0x000001f15d3707d0 flushing nmethod 0x000001f148cc8910
Event: 82.023 Thread 0x000001f15d3707d0 flushing nmethod 0x000001f148ccb290
Event: 82.023 Thread 0x000001f15d3707d0 flushing nmethod 0x000001f148cd0210
Event: 82.023 Thread 0x000001f15d3707d0 flushing nmethod 0x000001f148cd1b10
Event: 82.023 Thread 0x000001f15d3707d0 flushing nmethod 0x000001f148cd3190
Event: 82.023 Thread 0x000001f15d3707d0 flushing nmethod 0x000001f148cfb090
Event: 82.024 Thread 0x000001f15d3707d0 flushing nmethod 0x000001f148d94890
Event: 82.024 Thread 0x000001f15d3707d0 flushing nmethod 0x000001f148dd5290
Event: 82.024 Thread 0x000001f15d3707d0 flushing nmethod 0x000001f148dd8890
Event: 82.025 Thread 0x000001f15d3707d0 flushing nmethod 0x000001f148e07d90
Event: 82.025 Thread 0x000001f15d3707d0 flushing nmethod 0x000001f148e1d710
Event: 82.025 Thread 0x000001f15d3707d0 flushing nmethod 0x000001f148e1e290
Event: 82.025 Thread 0x000001f15d3707d0 flushing nmethod 0x000001f148e1e610
Event: 82.025 Thread 0x000001f15d3707d0 flushing nmethod 0x000001f148e1ff90
Event: 82.025 Thread 0x000001f15d3707d0 flushing nmethod 0x000001f148e23d10
Event: 82.025 Thread 0x000001f15d3707d0 flushing nmethod 0x000001f148e28b90
Event: 82.025 Thread 0x000001f15d3707d0 flushing nmethod 0x000001f148e9b490
Event: 82.025 Thread 0x000001f15d3707d0 flushing nmethod 0x000001f148e9f310
Event: 82.103 Thread 0x000001f161c6e930 Thread added: 0x000001f161c6e930


Dynamic libraries:
0x00007ff691c20000 - 0x00007ff691c30000 	C:\Program Files\Java\jdk-18.0.1.1\bin\javaw.exe
0x00007ffe1dbb0000 - 0x00007ffe1ddc4000 	C:\WINDOWS\SYSTEM32\ntdll.dll
0x00007ffe1ceb0000 - 0x00007ffe1cf72000 	C:\WINDOWS\System32\KERNEL32.DLL
0x00007ffe1afe0000 - 0x00007ffe1b37d000 	C:\WINDOWS\System32\KERNELBASE.dll
0x00007ffe1b750000 - 0x00007ffe1b861000 	C:\WINDOWS\System32\ucrtbase.dll
0x00007ffe08fa0000 - 0x00007ffe08fb8000 	C:\Program Files\Java\jdk-18.0.1.1\bin\jli.dll
0x00007ffe1bb70000 - 0x00007ffe1bc1e000 	C:\WINDOWS\System32\ADVAPI32.dll
0x00007ffe1c910000 - 0x00007ffe1c9b7000 	C:\WINDOWS\System32\msvcrt.dll
0x00007ffe1d030000 - 0x00007ffe1d0d4000 	C:\WINDOWS\System32\sechost.dll
0x00007ffe1d860000 - 0x00007ffe1d975000 	C:\WINDOWS\System32\RPCRT4.dll
0x00007ffe1d630000 - 0x00007ffe1d7da000 	C:\WINDOWS\System32\USER32.dll
0x00007ffe1b870000 - 0x00007ffe1b896000 	C:\WINDOWS\System32\win32u.dll
0x00007ffe1d600000 - 0x00007ffe1d629000 	C:\WINDOWS\System32\GDI32.dll
0x00007ffe1b5b0000 - 0x00007ffe1b6c2000 	C:\WINDOWS\System32\gdi32full.dll
0x00007ffe1b910000 - 0x00007ffe1b9aa000 	C:\WINDOWS\System32\msvcp_win.dll
0x00007ffe0d2a0000 - 0x00007ffe0d2ba000 	C:\Program Files\Java\jdk-18.0.1.1\bin\VCRUNTIME140.dll
0x00007ffdfe6d0000 - 0x00007ffdfe95e000 	C:\WINDOWS\WinSxS\amd64_microsoft.windows.common-controls_6595b64144ccf1df_6.0.22621.608_none_a9444ca7c10bb01d\COMCTL32.dll
0x00007ffe13b20000 - 0x00007ffe13b2a000 	C:\WINDOWS\SYSTEM32\VERSION.dll
0x00007ffe1d5c0000 - 0x00007ffe1d5f2000 	C:\WINDOWS\System32\IMM32.DLL
0x00007ffe183b0000 - 0x00007ffe183bc000 	C:\Program Files\Java\jdk-18.0.1.1\bin\vcruntime140_1.dll
0x00007ffdf4a00000 - 0x00007ffdf4a8d000 	C:\Program Files\Java\jdk-18.0.1.1\bin\msvcp140.dll
0x00007ffd4b880000 - 0x00007ffd4c490000 	C:\Program Files\Java\jdk-18.0.1.1\bin\server\jvm.dll
0x00007ffe1ca20000 - 0x00007ffe1ca28000 	C:\WINDOWS\System32\PSAPI.DLL
0x00007ffe04f60000 - 0x00007ffe04f69000 	C:\WINDOWS\SYSTEM32\WSOCK32.dll
0x00007ffe1d7e0000 - 0x00007ffe1d851000 	C:\WINDOWS\System32\WS2_32.dll
0x00007ffe15820000 - 0x00007ffe15854000 	C:\WINDOWS\SYSTEM32\WINMM.dll
0x00007ffe1a050000 - 0x00007ffe1a068000 	C:\WINDOWS\SYSTEM32\kernel.appcore.dll
0x00007ffe18430000 - 0x00007ffe1843a000 	C:\Program Files\Java\jdk-18.0.1.1\bin\jimage.dll
0x00007ffe09af0000 - 0x00007ffe09d1e000 	C:\WINDOWS\SYSTEM32\DBGHELP.DLL
0x00007ffe1d230000 - 0x00007ffe1d5ba000 	C:\WINDOWS\System32\combase.dll
0x00007ffe1d990000 - 0x00007ffe1da67000 	C:\WINDOWS\System32\OLEAUT32.dll
0x00007ffe09660000 - 0x00007ffe09692000 	C:\WINDOWS\SYSTEM32\dbgcore.DLL
0x00007ffe1b6d0000 - 0x00007ffe1b74b000 	C:\WINDOWS\System32\bcryptPrimitives.dll
0x00007ffdfb480000 - 0x00007ffdfb4a5000 	C:\Program Files\Java\jdk-18.0.1.1\bin\java.dll
0x00007ffda62e0000 - 0x00007ffda63b6000 	C:\Program Files\Java\jdk-18.0.1.1\bin\jsvml.dll
0x00007ffe1beb0000 - 0x00007ffe1c690000 	C:\WINDOWS\System32\SHELL32.dll
0x00007ffe19020000 - 0x00007ffe198e5000 	C:\WINDOWS\SYSTEM32\windows.storage.dll
0x00007ffe18ee0000 - 0x00007ffe1901e000 	C:\WINDOWS\SYSTEM32\wintypes.dll
0x00007ffe1da70000 - 0x00007ffe1db61000 	C:\WINDOWS\System32\SHCORE.dll
0x00007ffe1c9c0000 - 0x00007ffe1ca1e000 	C:\WINDOWS\System32\shlwapi.dll
0x00007ffe1af10000 - 0x00007ffe1af31000 	C:\WINDOWS\SYSTEM32\profapi.dll
0x00007ffdf4980000 - 0x00007ffdf4993000 	C:\Program Files\Java\jdk-18.0.1.1\bin\net.dll
0x00007ffe142d0000 - 0x00007ffe143ff000 	C:\WINDOWS\SYSTEM32\WINHTTP.dll
0x00007ffe1a4b0000 - 0x00007ffe1a519000 	C:\WINDOWS\system32\mswsock.dll
0x00007ffdf3890000 - 0x00007ffdf38a6000 	C:\Program Files\Java\jdk-18.0.1.1\bin\nio.dll
0x00007ffdf3870000 - 0x00007ffdf3888000 	C:\Program Files\Java\jdk-18.0.1.1\bin\zip.dll
0x00007ffe0e370000 - 0x00007ffe0e380000 	C:\Program Files\Java\jdk-18.0.1.1\bin\verify.dll
0x00007ffe04fd0000 - 0x00007ffe04fd9000 	C:\Program Files\Java\jdk-18.0.1.1\bin\management.dll
0x00007ffe04ae0000 - 0x00007ffe04aeb000 	C:\Program Files\Java\jdk-18.0.1.1\bin\management_ext.dll
0x00007ffdfe990000 - 0x00007ffdfe9a7000 	C:\WINDOWS\system32\napinsp.dll
0x00007ffdfe970000 - 0x00007ffdfe98b000 	C:\WINDOWS\system32\pnrpnsp.dll
0x00007ffe19c00000 - 0x00007ffe19cf2000 	C:\WINDOWS\SYSTEM32\DNSAPI.dll
0x00007ffe19b80000 - 0x00007ffe19bad000 	C:\WINDOWS\SYSTEM32\IPHLPAPI.DLL
0x00007ffe1cfa0000 - 0x00007ffe1cfa9000 	C:\WINDOWS\System32\NSI.dll
0x00007ffdfdf80000 - 0x00007ffdfdf91000 	C:\WINDOWS\System32\winrnr.dll
0x00007ffdfddc0000 - 0x00007ffdfddd5000 	C:\WINDOWS\system32\wshbth.dll
0x00007ffdfdc70000 - 0x00007ffdfdc91000 	C:\WINDOWS\system32\nlansp_c.dll
0x00007ffe050e0000 - 0x00007ffe050ea000 	C:\Windows\System32\rasadhlp.dll
0x00007ffe12f20000 - 0x00007ffe12fa3000 	C:\WINDOWS\System32\fwpuclnt.dll
0x00007ffe1a6f0000 - 0x00007ffe1a70b000 	C:\WINDOWS\SYSTEM32\CRYPTSP.dll
0x00007ffe19fc0000 - 0x00007ffe19ff5000 	C:\WINDOWS\system32\rsaenh.dll
0x00007ffe1a5a0000 - 0x00007ffe1a5c8000 	C:\WINDOWS\SYSTEM32\USERENV.dll
0x00007ffe1a8b0000 - 0x00007ffe1a8d8000 	C:\WINDOWS\SYSTEM32\bcrypt.dll
0x00007ffe1a710000 - 0x00007ffe1a71c000 	C:\WINDOWS\SYSTEM32\CRYPTBASE.dll
0x00007ffe15800000 - 0x00007ffe15819000 	C:\WINDOWS\SYSTEM32\dhcpcsvc6.DLL
0x00007ffe157e0000 - 0x00007ffe157ff000 	C:\WINDOWS\SYSTEM32\dhcpcsvc.DLL
0x00007ffe04aa0000 - 0x00007ffe04aae000 	C:\Program Files\Java\jdk-18.0.1.1\bin\sunmscapi.dll
0x00007ffe1b380000 - 0x00007ffe1b4e6000 	C:\WINDOWS\System32\CRYPT32.dll
0x00007ffe1a880000 - 0x00007ffe1a8ad000 	C:\WINDOWS\SYSTEM32\ncrypt.dll
0x00007ffe1a840000 - 0x00007ffe1a877000 	C:\WINDOWS\SYSTEM32\NTASN1.dll

dbghelp: loaded successfully - version: 4.0.5 - missing functions: none
symbol engine: initialized successfully - sym options: 0x614 - pdb path: .;C:\Program Files\Java\jdk-18.0.1.1\bin;C:\WINDOWS\SYSTEM32;C:\WINDOWS\WinSxS\amd64_microsoft.windows.common-controls_6595b64144ccf1df_6.0.22621.608_none_a9444ca7c10bb01d;C:\Program Files\Java\jdk-18.0.1.1\bin\server

VM Arguments:
jvm_args: -Dfile.encoding=UTF-8 -XX:+ShowCodeDetailsInExceptionMessages 
java_command: org.teksystems.sportyshoes.sporty.shoes.SportyShoesApplication
java_class_path (initial): C:\Users\R Nikam\Desktop\Phase3Project\sporty shoes\sporty-shoes\target\classes;C:\Users\R Nikam\.m2\repository\org\springframework\boot\spring-boot-starter-data-jdbc\2.7.5\spring-boot-starter-data-jdbc-2.7.5.jar;C:\Users\R Nikam\.m2\repository\org\springframework\boot\spring-boot-starter-jdbc\2.7.5\spring-boot-starter-jdbc-2.7.5.jar;C:\Users\R Nikam\.m2\repository\com\zaxxer\HikariCP\4.0.3\HikariCP-4.0.3.jar;C:\Users\R Nikam\.m2\repository\org\springframework\spring-jdbc\5.3.23\spring-jdbc-5.3.23.jar;C:\Users\R Nikam\.m2\repository\org\springframework\data\spring-data-jdbc\2.4.5\spring-data-jdbc-2.4.5.jar;C:\Users\R Nikam\.m2\repository\org\springframework\data\spring-data-relational\2.4.5\spring-data-relational-2.4.5.jar;C:\Users\R Nikam\.m2\repository\org\springframework\data\spring-data-commons\2.7.5\spring-data-commons-2.7.5.jar;C:\Users\R Nikam\.m2\repository\org\springframework\spring-tx\5.3.23\spring-tx-5.3.23.jar;C:\Users\R Nikam\.m2\repository\org\springframework\spring-context\5.3.23\spring-context-5.3.23.jar;C:\Users\R Nikam\.m2\repository\org\springframework\spring-beans\5.3.23\spring-beans-5.3.23.jar;C:\Users\R Nikam\.m2\repository\org\slf4j\slf4j-api\1.7.36\slf4j-api-1.7.36.jar;C:\Users\R Nikam\.m2\repository\org\springframework\boot\spring-boot-starter-thymeleaf\2.7.5\spring-boot-starter-thymeleaf-2.7.5.jar;C:\Users\R Nikam\.m2\repository\org\springframework\boot\spring-boot-starter\2.7.5\spring-boot-starter-2.7.5.jar;C:\Users\R Nikam\.m2\repository\org\springframework\boot\spring-boot-starter-logging\2.7.5\spring-boot-starter-logging-2.7.5.jar;C:\Users\R Nikam\.m2\repository\ch\qos\logback\logback-classic\1.2.11\logback-classic-1.2.11.jar;C:\Users\R Nikam\.m2\repository\ch\qos\logback\logback-core\1.2.11\logback-core-1.2.11.jar;C:\Users\R Nikam\.m2\repository\org\apache\logging\log4j\log4j-to-slf4j\2.17.2\log4j-to-slf4j-2.17.2.jar;C:\Users\R Nikam\.m2\repository\org\apache\logging\log4j\log4j-api\2.17.2\log4j-api-2.17.2.jar;C:\Users\R Nikam\.m2\repository\org\slf4j\jul-to-slf4j\1.7.36\jul-to-slf4j-1.7.36.jar;C:\Users\R Nikam\.m2\repository\jakarta\annotation\jakarta.annotation-api\1.3.5\jakarta.annotation-api-1.3.5.jar;C:\Users\R Nikam\.m2\repository\org\yaml\snakeyaml\1.30\snakeyaml-1.30.jar;C:\Users\R Nikam\.m2\repository\org\thymeleaf\thymeleaf-spring5\3.0.15.RELEASE\thymeleaf-spring5-3.0.15.RELEASE.jar;C:\Users\R Nikam\.m2\repository\org\thymeleaf\thymeleaf\3.0.15.RELEASE\thymeleaf-3.0.15.RELEASE.jar;C:\Users\R Nikam\.m2\repository\org\attoparser\attoparser\2.0.5.RELEASE\attoparser-2.0.5.RELEASE.jar;C:\Users\R Nikam\.m2\repository\org\unbescape\unbescape\1.1.6.RELEASE\unbescape-1.1.6.RELEASE.jar;C:\Users\R Nikam\.m2\repository\org\thymeleaf\extras\thymeleaf-extras-java8time\3.0.4.RELEASE\thymeleaf-extras-java8time-3.0.4.RELEASE.jar;C:\Users\R Nikam\.m2\repository\org\springframework\boot\spring-boot-starter-web\2.7.5\spring-boot-starter-web-2.7.5.jar;C:\Users\R Nikam\.m2\repository\org\springframework\boot\spring-boot-starter-json\2.7.5\spring-boot-starter-json-2.7.5.jar;C:\Users\R Nikam\.m2\repository\com\fasterxml\jackson\core\jackson-databind\2.13.4.2\jackson-databind-2.13.4.2.jar;C:\Users\R Nikam\.m2\repository\com\fasterxml\jackson\core\jackson-annotations\2.13.4\jackson-annotations-2.13.4.jar;C:\Users\R Nikam\.m2\repository\com\fasterxml\jackson\core\jackson-core\2.13.4\jackson-core-2.13.4.jar;C:\Users\R Nikam\.m2\repository\com\fasterxml\jackson\datatype\jackson-datatype-jdk8\2.13.4\jackson-datatype-jdk8-2.13.4.jar;C:\Users\R Nikam\.m2\repository\com\fasterxml\jackson\datatype\jackson-datatype-jsr310\2.13.4\jackson-datatype-jsr310-2.13.4.jar;C:\Users\R Nikam\.m2\repository\com\fasterxml\jackson\module\jackson-module-parameter-names\2.13.4\jackson-module-parameter-names-2.13.4.jar;C:\Users\R Nikam\.m2\repository\org\springframework\boot\spring-boot-starter-tomcat\2.7.5\spring-boot-starter-tomcat-2.7.5.jar;C:\Users\R Nikam\.m2\repository\org\apache\tomcat\embed\tomcat-embed-core\9.0.68\tomcat-embed-core-9.0.68.jar;C:\Users\R Nikam\.m2\repository\org\apache\tomcat\embed\tomcat-embed-el\9.0.68\tomcat-embed-el-9.0.68.jar;C:\Users\R Nikam\.m2\repository\org\apache\tomcat\embed\tomcat-embed-websocket\9.0.68\tomcat-embed-websocket-9.0.68.jar;C:\Users\R Nikam\.m2\repository\org\springframework\spring-web\5.3.23\spring-web-5.3.23.jar;C:\Users\R Nikam\.m2\repository\org\springframework\spring-webmvc\5.3.23\spring-webmvc-5.3.23.jar;C:\Users\R Nikam\.m2\repository\org\springframework\spring-aop\5.3.23\spring-aop-5.3.23.jar;C:\Users\R Nikam\.m2\repository\org\springframework\spring-expression\5.3.23\spring-expression-5.3.23.jar;C:\Users\R Nikam\.m2\repository\org\springframework\boot\spring-boot-starter-webflux\2.7.5\spring-boot-starter-webflux-2.7.5.jar;C:\Users\R Nikam\.m2\repository\org\springframework\boot\spring-boot-starter-reactor-netty\2.7.5\spring-boot-starter-reactor-netty-2.7.5.jar;C:\Users\R Nikam\.m2\repository\io\projectreactor\netty\reactor-netty-http\1.0.24\reactor-netty-http-1.0.24.jar;C:\Users\R Nikam\.m2\repository\io\netty\netty-codec-http\4.1.84.Final\netty-codec-http-4.1.84.Final.jar;C:\Users\R Nikam\.m2\repository\io\netty\netty-common\4.1.84.Final\netty-common-4.1.84.Final.jar;C:\Users\R Nikam\.m2\repository\io\netty\netty-buffer\4.1.84.Final\netty-buffer-4.1.84.Final.jar;C:\Users\R Nikam\.m2\repository\io\netty\netty-transport\4.1.84.Final\netty-transport-4.1.84.Final.jar;C:\Users\R Nikam\.m2\repository\io\netty\netty-codec\4.1.84.Final\netty-codec-4.1.84.Final.jar;C:\Users\R Nikam\.m2\repository\io\netty\netty-handler\4.1.84.Final\netty-handler-4.1.84.Final.jar;C:\Users\R Nikam\.m2\repository\io\netty\netty-codec-http2\4.1.84.Final\netty-codec-http2-4.1.84.Final.jar;C:\Users\R Nikam\.m2\repository\io\netty\netty-resolver-dns\4.1.84.Final\netty-resolver-dns-4.1.84.Final.jar;C:\Users\R Nikam\.m2\repository\io\netty\netty-resolver\4.1.84.Final\netty-resolver-4.1.84.Final.jar;C:\Users\R Nikam\.m2\repository\io\netty\netty-codec-dns\4.1.84.Final\netty-codec-dns-4.1.84.Final.jar;C:\Users\R Nikam\.m2\repository\io\netty\netty-resolver-dns-native-macos\4.1.84.Final\netty-resolver-dns-native-macos-4.1.84.Final-osx-x86_64.jar;C:\Users\R Nikam\.m2\repository\io\netty\netty-resolver-dns-classes-macos\4.1.84.Final\netty-resolver-dns-classes-macos-4.1.84.Final.jar;C:\Users\R Nikam\.m2\repository\io\netty\netty-transport-native-epoll\4.1.84.Final\netty-transport-native-epoll-4.1.84.Final-linux-x86_64.jar;C:\Users\R Nikam\.m2\repository\io\netty\netty-transport-native-unix-common\4.1.84.Final\netty-transport-native-unix-common-4.1.84.Final.jar;C:\Users\R Nikam\.m2\repository\io\netty\netty-transport-classes-epoll\4.1.84.Final\netty-transport-classes-epoll-4.1.84.Final.jar;C:\Users\R Nikam\.m2\repository\io\projectreactor\netty\reactor-netty-core\1.0.24\reactor-netty-core-1.0.24.jar;C:\Users\R Nikam\.m2\repository\io\netty\netty-handler-proxy\4.1.84.Final\netty-handler-proxy-4.1.84.Final.jar;C:\Users\R Nikam\.m2\repository\io\netty\netty-codec-socks\4.1.84.Final\netty-codec-socks-4.1.84.Final.jar;C:\Users\R Nikam\.m2\repository\org\springframework\spring-webflux\5.3.23\spring-webflux-5.3.23.jar;C:\Users\R Nikam\.m2\repository\org\eclipse\persistence\javax.persistence\2.1.0\javax.persistence-2.1.0.jar;C:\Users\R Nikam\.m2\repository\org\springframework\boot\spring-boot-devtools\2.7.5\spring-boot-devtools-2.7.5.jar;C:\Users\R Nikam\.m2\repository\org\springframework\boot\spring-boot\2.7.5\spring-boot-2.7.5.jar;C:\Users\R Nikam\.m2\repository\org\springframework\boot\spring-boot-autoconfigure\2.7.5\spring-boot-autoconfigure-2.7.5.jar;C:\Users\R Nikam\.m2\repository\jakarta\xml\bind\jakarta.xml.bind-api\2.3.3\jakarta.xml.bind-api-2.3.3.jar;C:\Users\R Nikam\.m2\repository\jakarta\activation\jakarta.activation-api\1.2.2\jakarta.activation-api-1.2.2.jar;C:\Users\R Nikam\.m2\repository\net\bytebuddy\byte-buddy\1.12.18\byte-buddy-1.12.18.jar;C:\Users\R Nikam\.m2\repository\org\springframework\spring-core\5.3.23\spring-core-5.3.23.jar;C:\Users\R Nikam\.m2\repository\org\springframework\spring-jcl\5.3.23\spring-jcl-5.3.23.jar;C:\Users\R Nikam\.m2\repository\io\projectreactor\reactor-core\3.4.24\reactor-core-3.4.24.jar;C:\Users\R Nikam\.m2\repository\org\reactivestreams\reactive-streams\1.0.4\reactive-streams-1.0.4.jar;C:\Users\R Nikam\.m2\repository\org\springframework\boot\spring-boot-starter-batch\2.7.5\spring-boot-starter-batch-2.7.5.jar;C:\Users\R Nikam\.m2\repository\org\springframework\batch\spring-batch-core\4.3.7\spring-batch-core-4.3.7.jar;C:\Users\R Nikam\.m2\repository\io\micrometer\micrometer-core\1.9.5\micrometer-core-1.9.5.jar;C:\Users\R Nikam\.m2\repository\org\hdrhistogram\HdrHistogram\2.1.12\HdrHistogram-2.1.12.jar;C:\Users\R Nikam\.m2\repository\org\latencyutils\LatencyUtils\2.0.3\LatencyUtils-2.0.3.jar;C:\Users\R Nikam\.m2\repository\javax\batch\javax.batch-api\1.0\javax.batch-api-1.0.jar;C:\Users\R Nikam\.m2\repository\org\springframework\batch\spring-batch-infrastructure\4.3.7\spring-batch-infrastructure-4.3.7.jar;C:\Users\R Nikam\.m2\repository\org\springframework\retry\spring-retry\1.3.4\spring-retry-1.3.4.jar;C:\Users\R Nikam\.m2\repository\org\projectlombok\lombok\1.18.24\lombok-1.18.24.jar;C:\Users\R Nikam\.m2\repository\org\springframework\boot\spring-boot-starter-data-jpa\2.7.5\spring-boot-starter-data-jpa-2.7.5.jar;C:\Users\R Nikam\.m2\repository\org\springframework\boot\spring-boot-starter-aop\2.7.5\spring-boot-starter-aop-2.7.5.jar;C:\Users\R Nikam\.m2\repository\org\aspectj\aspectjweaver\1.9.7\aspectjweaver-1.9.7.jar;C:\Users\R Nikam\.m2\repository\jakarta\transaction\jakarta.transaction-api\1.3.3\jakarta.transaction-api-1.3.3.jar;C:\Users\R Nikam\.m2\repository\jakarta\persistence\jakarta.persistence-api\2.2.3\jakarta.persistence-api-2.2.3.jar;C:\Users\R Nikam\.m2\repository\org\hibernate\hibernate-core\5.6.12.Final\hibernate-core-5.6.12.Final.jar;C:\Users\R Nikam\.m2\repository\org\jboss\logging\jboss-logging\3.4.3.Final\jboss-logging-3.4.3.Final.jar;C:\Users\R Nikam\.m2\repository\antlr\antlr\2.7.7\antlr-2.7.7.jar;C:\Users\R Nikam\.m2\repository\org\jboss\jandex\2.4.2.Final\jandex-2.4.2.Final.jar;C:\Users\R Nikam\.m2\repository\com\fasterxml\classmate\1.5.1\classmate-1.5.1.jar;C:\Users\R Nikam\.m2\repository\org\hibernate\common\hibernate-commons-annotations\5.1.2.Final\hibernate-commons-annotations-5.1.2.Final.jar;C:\Users\R Nikam\.m2\repository\org\glassfish\jaxb\jaxb-runtime\2.3.7\jaxb-runtime-2.3.7.jar;C:\Users\R Nikam\.m2\repository\org\glassfish\jaxb\txw2\2.3.7\txw2-2.3.7.jar;C:\Users\R Nikam\.m2\repository\com\sun\istack\istack-commons-runtime\3.0.12\istack-commons-runtime-3.0.12.jar;C:\Users\R Nikam\.m2\repository\org\springframework\data\spring-data-jpa\2.7.5\spring-data-jpa-2.7.5.jar;C:\Users\R Nikam\.m2\repository\org\springframework\spring-orm\5.3.23\spring-orm-5.3.23.jar;C:\Users\R Nikam\.m2\repository\org\springframework\spring-aspects\5.3.23\spring-aspects-5.3.23.jar;C:\Users\R Nikam\.m2\repository\org\springframework\boot\spring-boot-starter-web-services\2.7.5\spring-boot-starter-web-services-2.7.5.jar;C:\Users\R Nikam\.m2\repository\com\sun\xml\messaging\saaj\saaj-impl\1.5.3\saaj-impl-1.5.3.jar;C:\Users\R Nikam\.m2\repository\jakarta\xml\soap\jakarta.xml.soap-api\1.4.2\jakarta.xml.soap-api-1.4.2.jar;C:\Users\R Nikam\.m2\repository\org\jvnet\staxex\stax-ex\1.8.3\stax-ex-1.8.3.jar;C:\Users\R Nikam\.m2\repository\com\sun\activation\jakarta.activation\1.2.2\jakarta.activation-1.2.2.jar;C:\Users\R Nikam\.m2\repository\jakarta\xml\ws\jakarta.xml.ws-api\2.3.3\jakarta.xml.ws-api-2.3.3.jar;C:\Users\R Nikam\.m2\repository\jakarta\jws\jakarta.jws-api\2.1.0\jakarta.jws-api-2.1.0.jar;C:\Users\R Nikam\.m2\repository\org\springframework\spring-oxm\5.3.23\spring-oxm-5.3.23.jar;C:\Users\R Nikam\.m2\repository\org\springframework\ws\spring-ws-core\3.1.3\spring-ws-core-3.1.3.jar;C:\Users\R Nikam\.m2\repository\org\springframework\ws\spring-xml\3.1.3\spring-xml-3.1.3.jar;C:\Users\R Nikam\.m2\repository\com\h2database\h2\2.1.214\h2-2.1.214.jar;C:\Users\R Nikam\.m2\repository\com\mysql\mysql-connector-j\8.0.31\mysql-connector-j-8.0.31.jar
Launcher Type: SUN_STANDARD

[Global flags]
     intx CICompilerCount                          = 4                                         {product} {ergonomic}
     uint ConcGCThreads                            = 2                                         {product} {ergonomic}
     uint G1ConcRefinementThreads                  = 8                                         {product} {ergonomic}
   size_t G1HeapRegionSize                         = 1048576                                   {product} {ergonomic}
    uintx GCDrainStackTargetSize                   = 64                                        {product} {ergonomic}
   size_t InitialHeapSize                          = 100663296                                 {product} {ergonomic}
   size_t MarkStackSize                            = 4194304                                   {product} {ergonomic}
   size_t MaxHeapSize                              = 1589641216                                {product} {ergonomic}
   size_t MaxNewSize                               = 953155584                                 {product} {ergonomic}
   size_t MinHeapDeltaBytes                        = 1048576                                   {product} {ergonomic}
   size_t MinHeapSize                              = 8388608                                   {product} {ergonomic}
    uintx NonNMethodCodeHeapSize                   = 5839372                                {pd product} {ergonomic}
    uintx NonProfiledCodeHeapSize                  = 122909434                              {pd product} {ergonomic}
    uintx ProfiledCodeHeapSize                     = 122909434                              {pd product} {ergonomic}
    uintx ReservedCodeCacheSize                    = 251658240                              {pd product} {ergonomic}
     bool SegmentedCodeCache                       = true                                      {product} {ergonomic}
     bool ShowCodeDetailsInExceptionMessages       = true                                   {manageable} {command line}
   size_t SoftMaxHeapSize                          = 1589641216                             {manageable} {ergonomic}
     bool UseCompressedClassPointers               = true                           {product lp64_product} {ergonomic}
     bool UseCompressedOops                        = true                           {product lp64_product} {ergonomic}
     bool UseG1GC                                  = true                                      {product} {ergonomic}
     bool UseLargePagesIndividualAllocation        = false                                  {pd product} {ergonomic}

Logging:
Log output configuration:
 #0: stdout all=warning uptime,level,tags foldmultilines=false
 #1: stderr all=off uptime,level,tags foldmultilines=false

Environment Variables:
PATH=C:/Program Files/Java/jdk-18.0.1.1/bin/server;C:/Program Files/Java/jdk-18.0.1.1/bin;C:\Program Files\Common Files\Oracle\Java\javapath;C:\WINDOWS\system32;C:\WINDOWS;C:\WINDOWS\System32\Wbem;C:\WINDOWS\System32\WindowsPowerShell\v1.0\;C:\WINDOWS\System32\OpenSSH\;C:\Program Files\Java\jdk-18.0.1.1\bin;C:\Program Files\Git\cmd;C:\Program Files\MySQL\MySQL Shell 8.0\bin\;C:\Users\R Nikam\AppData\Local\Microsoft\WindowsApps;C:\Program Files\JetBrains\IntelliJ IDEA Community Edition 2022.1.2\bin;;;C:\Users\R Nikam\AppData\Local\Programs\Microsoft VS Code\bin;C:\Users\R Nikam\Desktop;
USERNAME=R Nikam
OS=Windows_NT
PROCESSOR_IDENTIFIER=AMD64 Family 23 Model 24 Stepping 1, AuthenticAMD



---------------  S Y S T E M  ---------------

OS:
 Windows 11 , 64 bit Build 22621 (10.0.22621.755)
OS uptime: 10 days 9:58 hours

CPU: total 8 (initial active 8) (8 cores per cpu, 2 threads per core) family 23 model 24 stepping 1 microcode 0x0, cx8, cmov, fxsr, ht, mmx, 3dnowpref, sse, sse2, sse3, ssse3, sse4a, sse4.1, sse4.2, popcnt, lzcnt, tsc, tscinvbit, avx, avx2, aes, clmul, bmi1, bmi2, adx, sha, fma, vzeroupper, clflush, clflushopt

Memory: 4k page, system-wide physical 6057M (644M free)
TotalPageFile size 24489M (AvailPageFile size 6M)
current process WorkingSet (physical memory assigned to process): 205M, peak: 205M
current process commit charge ("private bytes"): 252M, peak: 253M

vm_info: Java HotSpot(TM) 64-Bit Server VM (18.0.1.1+2-6) for windows-amd64 JRE (18.0.1.1+2-6), built on Apr 25 2022 21:53:15 by "mach5one" with MS VC++ 16.8 / 16.9 (VS2019)

END.
